0 verbose cli [ '/usr/local/bin/node', '/usr/local/bin/npm', 'run', 'start' ]
1 info using npm@8.1.2
2 info using node@v16.13.2
3 timing npm:load:whichnode Completed in 0ms
4 timing config:load:defaults Completed in 2ms
5 timing config:load:file:/usr/local/lib/node_modules/npm/npmrc Completed in 1ms
6 timing config:load:builtin Completed in 1ms
7 timing config:load:cli Completed in 2ms
8 timing config:load:env Completed in 0ms
9 timing config:load:project Completed in 1ms
10 timing config:load:file:/home/node/.npmrc Completed in 0ms
11 timing config:load:user Completed in 0ms
12 timing config:load:file:/usr/local/etc/npmrc Completed in 0ms
13 timing config:load:global Completed in 0ms
14 timing config:load:validate Completed in 0ms
15 timing config:load:credentials Completed in 1ms
16 timing config:load:setEnvs Completed in 1ms
17 timing config:load Completed in 9ms
18 timing npm:load:configload Completed in 9ms
19 timing npm:load:setTitle Completed in 1ms
20 timing npm:load:setupLog Completed in 0ms
21 timing config:load:flatten Completed in 4ms
22 timing npm:load:cleanupLog Completed in 2ms
23 timing npm:load:configScope Completed in 0ms
24 timing npm:load:projectScope Completed in 0ms
25 timing npm:load Completed in 19ms
26 timing command:run-script Completed in 127071ms
27 notice New [33mminor[39m version of npm available! [31m8.1.2[39m -> [32m8.3.2[39m
27 notice Changelog: [36mhttps://github.com/npm/cli/releases/tag/v8.3.2[39m
27 notice Run [32mnpm install -g npm@8.3.2[39m to update!
28 verbose stack Error: command failed
28 verbose stack     at ChildProcess.<anonymous> (/usr/local/lib/node_modules/npm/node_modules/@npmcli/promise-spawn/index.js:64:27)
28 verbose stack     at ChildProcess.emit (node:events:390:28)
28 verbose stack     at maybeClose (node:internal/child_process:1064:16)
28 verbose stack     at Process.ChildProcess._handle.onexit (node:internal/child_process:301:5)
29 verbose pkgid frontend@0.1.0
30 verbose cwd /home/node
31 verbose Linux 5.4.72-microsoft-standard-WSL2
32 verbose argv "/usr/local/bin/node" "/usr/local/bin/npm" "run" "start"
33 verbose node v16.13.2
34 verbose npm  v8.1.2
35 error path /home/node
36 error command failed
37 error signal SIGINT
38 error command sh -c react-scripts start
39 verbose exit 1
